<?xml version="1.0" encoding="UTF-8"?>
<!-- Generated by org.testng.reporters.JUnitReportReporter -->
<testsuite skipped="0" hostname="Colins-iMac.local" name="tests.loginDDT" tests="3" failures="0" timestamp="28 Sep 2017 15:59:36 GMT" time="0.037" errors="0">
  <testcase name="loginTest" time="0.006" classname="tests.loginDDT"/>
  <testcase name="loginTest" time="0.019" classname="tests.loginDDT"/>
  <testcase name="loginTest" time="0.012" classname="tests.loginDDT"/>
</testsuite> <!-- tests.loginDDT -->
