<?xml version="1.0" encoding="UTF-8"?>
<!-- Generated by org.testng.reporters.JUnitReportReporter -->
<testsuite skipped="0" hostname="Colins-iMac.local" name="tests.Expedia" tests="1" failures="0" timestamp="29 Sep 2017 16:22:37 GMT" time="65.174" errors="0">
  <testcase name="hotelReservation" time="65.174" classname="tests.Expedia"/>
</testsuite> <!-- tests.Expedia -->
