<?xml version="1.0" encoding="UTF-8"?>
<!-- Generated by org.testng.reporters.JUnitReportReporter -->
<testsuite skipped="0" hostname="Colins-iMac.local" name="tests.Expedia" tests="1" failures="0" timestamp="02 Oct 2017 14:40:33 GMT" time="31.474" errors="0">
  <testcase name="hotelReservation" time="31.474" classname="tests.Expedia"/>
</testsuite> <!-- tests.Expedia -->
