<?xml version="1.0" encoding="UTF-8"?>
<!-- Generated by org.testng.reporters.JUnitReportReporter -->
<testsuite skipped="0" hostname="Colins-iMac.local" name="tests.loginDDT" tests="3" failures="0" timestamp="28 Sep 2017 16:11:09 GMT" time="15.012" errors="0">
  <testcase name="loginTest" time="3.848" classname="tests.loginDDT"/>
  <testcase name="loginTest" time="7.096" classname="tests.loginDDT"/>
  <testcase name="loginTest" time="4.068" classname="tests.loginDDT"/>
</testsuite> <!-- tests.loginDDT -->
